<?xml version="1.0" encoding="UTF-8" standalone="no"?>
<testsuite failures="0" name="cucumber.runtime.formatter.JUnitFormatter" skipped="1" tests="1" time="10.957086">
<testcase classname="MyAccount Login Feature" name="Successful Login with Valid Credentials" time="10.957086">
<skipped><![CDATA[Given Open Browser..........................................................passed
When Enter the URL..........................................................passed
And Click on MyAccount menu iteam...........................................undefined
]]></skipped>
</testcase>
</testsuite>
